Looking for git in: git
Using git 2.17.1 from git
> git rev-parse --git-dir
Open repository: /root/linux-4.14.217/my_source
> git status -z -u
> git symbolic-ref --short HEAD
> git for-each-ref --format=%(refname)%00%(upstream:short)%00%(upstream:track)%00%(objectname) refs/heads/nathan-1 refs/remotes/nathan-1
> git for-each-ref --sort -committerdate --format %(refname) %(objectname) %(*objectname)
> git remote --verbose
> git config --get commit.template
> git check-ignore -v -z --stdin
> git show --textconv :Makefile
> git ls-files --stage -- /root/linux-4.14.217/my_source/Makefile
> git cat-file -s 9d87d3700fe9865e8ad377baa5b54b9a799629ec
> git status -z -u
> git symbolic-ref --short HEAD
> git for-each-ref --format=%(refname)%00%(upstream:short)%00%(upstream:track)%00%(objectname) refs/heads/nathan-1 refs/remotes/nathan-1
> git for-each-ref --sort -committerdate --format %(refname) %(objectname) %(*objectname)
> git remote --verbose
> git config --get commit.template
> git show --textconv :sys_helloworld.c
> git ls-files --stage -- /root/linux-4.14.217/my_source/sys_helloworld.c
> git cat-file -s ebee499955e88dfeec8e44cd959b356db7d8a9f1
> git show --textconv :sys_print_other.c
> git ls-files --stage -- /root/linux-4.14.217/my_source/sys_print_other.c
> git cat-file -s 5982c086374fa1efc8d5e0b941ebc59b79841915
> git show --textconv :sys_print_self.c
> git ls-files --stage -- /root/linux-4.14.217/my_source/sys_print_self.c
> git cat-file -s 158e04e70cf014ab056289c9a5b58eb4aa70316f
